{"uid":"aab4eb95adbbc47c","name":"tableCertainCellsAssert(Quest)","fullName":"com.zerobank.project.ZeroBankTest.tableCertainCellsAssert","historyId":"607f6be75b77d368dd6dc6f6c8c2214b","time":{"start":1753465523342,"stop":1753465533577,"duration":10235},"description":"COMPONENTS: Button, Input, Link, List, Validate, Select, Table","descriptionHtml":"<div style='margin: 20px;'><style>\n  .metadata-container { margin: 20px 0; }\n  .metadata-toggle {\n      background-color: #2c3e50;\n      color: white;\n      padding: 8px 12px;\n      cursor: pointer;\n      border: none;\n      border-radius: 4px;\n      font-size: 13px;\n      display: inline-flex;\n      align-items: center;\n      gap: 8px;\n      width: 150px;\n  }\n  .metadata-toggle:hover { background-color: #34495e; }\n  .metadata-toggle::before {\n      content: '▶';\n      display: inline-block;\n      transition: transform 0.3s;\n  }\n  details[open] .metadata-toggle::before { transform: rotate(90deg); }\n  .metadata-content { display: none; margin-top: 10px; }\n  details[open] .metadata-content { display: block; }\n  .metadata-table {\n      border-collapse: collapse;\n      width: 100%;\n      margin-top: 10px;\n      box-shadow: 0 4px 15px rgba(0, 0, 0, 0.1);\n  }\n  .metadata-table th {\n      background-color: #2c3e50;\n      color: white;\n      text-transform: uppercase;\n      font-size: 14px;\n      padding: 15px;\n      text-align: left;\n  }\n  .metadata-table td {\n      padding: 12px 15px;\n      border-bottom: 1px solid #ecf0f1;\n      font-size: 14px;\n      background-color: white;\n  }\n  .metadata-table tr:nth-child(even) td { background-color: #f8f9fa; }\n  .metadata-table tr:hover td { background-color: #f1f4f6; }\n  .annotation { display: block; margin: 5px 0; padding: 8px 12px; background-color: #f7f9fc; border-left: 3px solid #3498db; border-radius: 3px; }\n  .test-arguments { word-break: break-word; max-width: 600px; line-height: 1.5; }\n</style>\n\n<details class=\"metadata-container\">\n  <summary class=\"metadata-toggle\">Test Details</summary>\n  <div class=\"metadata-content\">\n    <table class=\"metadata-table\">\n      <tr><th style=\"width: 30%\">Property</th><th>Value</th></tr>\n      <tr><td>Test Name</td><td>tableCertainCellsAssert</td></tr>\n      <tr><td>Class Name</td><td>ZeroBankTest</td></tr>\n      <tr><td>Class Annotations</td><td><pre class='annotation'>@SpringBootTest(,\n     args=,\n     classes=class com.theairebellion.zeus.framework.config.TestConfig,\n     properties=,\n     webEnvironment=NONE)\n@Tag(exclude-from-verify)\n@UI\n</pre></td></tr>\n      <tr><td>Method Annotations</td><td><pre class='annotation'>@Test\n@Description(\"COMPONENTS: Button,\n     Input,\n     Link,\n     List,\n     Validate,\n     Select,\n     Table\")\n@Regression\n</pre></td></tr>\n      <tr><td>Test Arguments</td><td class=\"test-arguments\">Quest</td></tr>\n    </table>\n  </div>\n</details></div>","status":"broken","statusMessage":"element click intercepted: Element <select id=\"aa_type\" name=\"type\">...</select> is not clickable at point (488, 389). Other element would receive the click: <a class=\"ui-state-default\" href=\"#\">...</a>\n  (Session info: chrome=138.0.7204.157)\nBuild info: version: '4.25.0', revision: '8a8aea2337'\nSystem info: os.name: 'Linux', os.arch: 'amd64', os.version: '6.11.0-1018-azure', java.version: '17.0.16'\nDriver info: org.openqa.selenium.chrome.ChromeDriver\nCommand: [0c6986a9baaa1bac66bfff29b4b36bab, clickElement {id=f.53FF3FF86172C042F7CF380EF35A942E.d.CFEB49169D83FE4D80710AE6D7FD4A47.e.48}]\nCapabilities {acceptInsecureCerts: false, browserName: chrome, browserVersion: 138.0.7204.157, chrome: {chromedriverVersion: 138.0.7204.168 (3e8d82e86e9..., userDataDir: /tmp/.org.chromium.Chromium...}, fedcm:accounts: true, goog:chromeOptions: {debuggerAddress: localhost:38229}, networkConnectionEnabled: false, pageLoadStrategy: normal, platformName: linux, proxy: Proxy(), se:cdp: ws://localhost:38229/devtoo..., se:cdpVersion: 138.0.7204.157, setWindowRect: true, strictFileInteractability: false, timeouts: {implicit: 0, pageLoad: 300000, script: 30000}, unhandledPromptBehavior: dismiss and notify, webauthn:extension:credBlob: true, webauthn:extension:largeBlob: true, webauthn:extension:minPinLength: true, webauthn:extension:prf: true, webauthn:virtualAuthenticators: true}\nElement: [[ChromeDriver: chrome on linux (0c6986a9baaa1bac66bfff29b4b36bab)] -> id: aa_type]\nSession ID: 0c6986a9baaa1bac66bfff29b4b36bab","statusTrace":"org.openqa.selenium.ElementClickInterceptedException: element click intercepted: Element <select id=\"aa_type\" name=\"type\">...</select> is not clickable at point (488, 389). Other element would receive the click: <a class=\"ui-state-default\" href=\"#\">...</a>\n  (Session info: chrome=138.0.7204.157)\nBuild info: version: '4.25.0', revision: '8a8aea2337'\nSystem info: os.name: 'Linux', os.arch: 'amd64', os.version: '6.11.0-1018-azure', java.version: '17.0.16'\nDriver info: org.openqa.selenium.chrome.ChromeDriver\nCommand: [0c6986a9baaa1bac66bfff29b4b36bab, clickElement {id=f.53FF3FF86172C042F7CF380EF35A942E.d.CFEB49169D83FE4D80710AE6D7FD4A47.e.48}]\nCapabilities {acceptInsecureCerts: false, browserName: chrome, browserVersion: 138.0.7204.157, chrome: {chromedriverVersion: 138.0.7204.168 (3e8d82e86e9..., userDataDir: /tmp/.org.chromium.Chromium...}, fedcm:accounts: true, goog:chromeOptions: {debuggerAddress: localhost:38229}, networkConnectionEnabled: false, pageLoadStrategy: normal, platformName: linux, proxy: Proxy(), se:cdp: ws://localhost:38229/devtoo..., se:cdpVersion: 138.0.7204.157, setWindowRect: true, strictFileInteractability: false, timeouts: {implicit: 0, pageLoad: 300000, script: 30000}, unhandledPromptBehavior: dismiss and notify, webauthn:extension:credBlob: true, webauthn:extension:largeBlob: true, webauthn:extension:minPinLength: true, webauthn:extension:prf: true, webauthn:virtualAuthenticators: true}\nElement: [[ChromeDriver: chrome on linux (0c6986a9baaa1bac66bfff29b4b36bab)] -> id: aa_type]\nSession ID: 0c6986a9baaa1bac66bfff29b4b36bab\n\tat java.base/jdk.internal.reflect.NativeConstructorAccessorImpl.newInstance0(Native Method)\n\tat java.base/jdk.internal.reflect.NativeConstructorAccessorImpl.newInstance(NativeConstructorAccessorImpl.java:77)\n\tat java.base/jdk.internal.reflect.DelegatingConstructorAccessorImpl.newInstance(DelegatingConstructorAccessorImpl.java:45)\n\tat java.base/java.lang.reflect.Constructor.newInstanceWithCaller(Constructor.java:500)\n\tat java.base/java.lang.reflect.Constructor.newInstance(Constructor.java:481)\n\tat org.openqa.selenium.remote.ErrorCodec.decode(ErrorCodec.java:167)\n\tat org.openqa.selenium.remote.codec.w3c.W3CHttpResponseCodec.decode(W3CHttpResponseCodec.java:138)\n\tat org.openqa.selenium.remote.codec.w3c.W3CHttpResponseCodec.decode(W3CHttpResponseCodec.java:50)\n\tat org.openqa.selenium.remote.HttpCommandExecutor.execute(HttpCommandExecutor.java:190)\n\tat org.openqa.selenium.remote.service.DriverCommandExecutor.invokeExecute(DriverCommandExecutor.java:216)\n\tat org.openqa.selenium.remote.service.DriverCommandExecutor.execute(DriverCommandExecutor.java:174)\n\tat org.openqa.selenium.remote.RemoteWebDriver.execute(RemoteWebDriver.java:545)\n\tat org.openqa.selenium.remote.RemoteWebElement.execute(RemoteWebElement.java:223)\n\tat org.openqa.selenium.remote.RemoteWebElement.click(RemoteWebElement.java:76)\n\tat jdk.internal.reflect.GeneratedMethodAccessor24.invoke(Unknown Source)\n\tat java.base/jdk.internal.reflect.DelegatingMethodAccessorImpl.invoke(DelegatingMethodAccessorImpl.java:43)\n\tat java.base/java.lang.reflect.Method.invoke(Method.java:569)\n\tat org.openqa.selenium.support.decorators.WebDriverDecorator.call(WebDriverDecorator.java:249)\n\tat org.openqa.selenium.support.decorators.DefaultDecorated.call(DefaultDecorated.java:48)\n\tat org.openqa.selenium.support.decorators.WebDriverDecorator.lambda$createProxy$2(WebDriverDecorator.java:321)\n\tat net.bytebuddy.renamed.java.lang.Object$ByteBuddy$iJGcDiGj.click(Unknown Source)\n\tat com.theairebellion.zeus.ui.selenium.decorators.WebElementDecorator.click(WebElementDecorator.java:27)\n\tat com.theairebellion.zeus.ui.selenium.smart.SmartWebElement.lambda$click$0(SmartWebElement.java:119)\n\tat com.theairebellion.zeus.ui.selenium.smart.SmartWebElement.performActionWithWait(SmartWebElement.java:284)\n\tat com.theairebellion.zeus.ui.selenium.smart.SmartWebElement.click(SmartWebElement.java:119)\n\tat com.zerobank.project.ui.components.select.SelectBootstrapImpl.openDdl(SelectBootstrapImpl.java:180)\n\tat com.zerobank.project.ui.components.select.SelectBootstrapImpl.selectOptions(SelectBootstrapImpl.java:33)\n\tat com.zerobank.project.ui.components.select.SelectBootstrapImpl.selectOptions(SelectBootstrapImpl.java:46)\n\tat com.theairebellion.zeus.ui.components.select.SelectServiceImpl.selectOptions(SelectServiceImpl.java:108)\n\tat com.theairebellion.zeus.ui.components.select.SelectServiceImpl.selectOption(SelectServiceImpl.java:170)\n\tat com.theairebellion.zeus.ui.service.fluent.SelectServiceFluent.selectOption(SelectServiceFluent.java:97)\n\tat com.zerobank.project.ZeroBankTest.tableCertainCellsAssert(ZeroBankTest.java:271)\n\tat java.base/java.lang.reflect.Method.invoke(Method.java:569)\n\tat com.theairebellion.zeus.framework.extension.Initiator.interceptTestMethod(Initiator.java:84)\n\tat java.base/java.util.concurrent.ForkJoinTask.doExec(ForkJoinTask.java:373)\n\tat java.base/java.util.concurrent.ForkJoinTask.awaitDone(ForkJoinTask.java:436)\n\tat java.base/java.util.concurrent.ForkJoinTask.join(ForkJoinTask.java:670)\n\tat java.base/java.util.concurrent.ForkJoinTask.doExec(ForkJoinTask.java:373)\n\tat java.base/java.util.concurrent.ForkJoinPool$WorkQueue.topLevelExec(ForkJoinPool.java:1182)\n\tat java.base/java.util.concurrent.ForkJoinPool.scan(ForkJoinPool.java:1655)\n\tat java.base/java.util.concurrent.ForkJoinPool.runWorker(ForkJoinPool.java:1622)\n\tat java.base/java.util.concurrent.ForkJoinWorkerThread.run(ForkJoinWorkerThread.java:165)\n\tSuppressed: org.openqa.selenium.ElementClickInterceptedException: element click intercepted: Element <select id=\"aa_type\" name=\"type\">...</select> is not clickable at point (488, 389). Other element would receive the click: <a class=\"ui-state-default\" href=\"#\">...</a>\n  (Session info: chrome=138.0.7204.157)\nBuild info: version: '4.25.0', revision: '8a8aea2337'\nSystem info: os.name: 'Linux', os.arch: 'amd64', os.version: '6.11.0-1018-azure', java.version: '17.0.16'\nDriver info: org.openqa.selenium.chrome.ChromeDriver\nCommand: [0c6986a9baaa1bac66bfff29b4b36bab, clickElement {id=f.53FF3FF86172C042F7CF380EF35A942E.d.CFEB49169D83FE4D80710AE6D7FD4A47.e.48}]\nCapabilities {acceptInsecureCerts: false, browserName: chrome, browserVersion: 138.0.7204.157, chrome: {chromedriverVersion: 138.0.7204.168 (3e8d82e86e9..., userDataDir: /tmp/.org.chromium.Chromium...}, fedcm:accounts: true, goog:chromeOptions: {debuggerAddress: localhost:38229}, networkConnectionEnabled: false, pageLoadStrategy: normal, platformName: linux, proxy: Proxy(), se:cdp: ws://localhost:38229/devtoo..., se:cdpVersion: 138.0.7204.157, setWindowRect: true, strictFileInteractability: false, timeouts: {implicit: 0, pageLoad: 300000, script: 30000}, unhandledPromptBehavior: dismiss and notify, webauthn:extension:credBlob: true, webauthn:extension:largeBlob: true, webauthn:extension:minPinLength: true, webauthn:extension:prf: true, webauthn:virtualAuthenticators: true}\nElement: [[ChromeDriver: chrome on linux (0c6986a9baaa1bac66bfff29b4b36bab)] -> id: aa_type]\nSession ID: 0c6986a9baaa1bac66bfff29b4b36bab\n\t\tat java.base/jdk.internal.reflect.NativeConstructorAccessorImpl.newInstance0(Native Method)\n\t\tat java.base/jdk.internal.reflect.NativeConstructorAccessorImpl.newInstance(NativeConstructorAccessorImpl.java:77)\n\t\tat java.base/jdk.internal.reflect.DelegatingConstructorAccessorImpl.newInstance(DelegatingConstructorAccessorImpl.java:45)\n\t\tat java.base/java.lang.reflect.Constructor.newInstanceWithCaller(Constructor.java:500)\n\t\tat java.base/java.lang.reflect.Constructor.newInstance(Constructor.java:481)\n\t\tat org.openqa.selenium.remote.ErrorCodec.decode(ErrorCodec.java:167)\n\t\tat org.openqa.selenium.remote.codec.w3c.W3CHttpResponseCodec.decode(W3CHttpResponseCodec.java:138)\n\t\tat org.openqa.selenium.remote.codec.w3c.W3CHttpResponseCodec.decode(W3CHttpResponseCodec.java:50)\n\t\tat org.openqa.selenium.remote.HttpCommandExecutor.execute(HttpCommandExecutor.java:190)\n\t\tat org.openqa.selenium.remote.service.DriverCommandExecutor.invokeExecute(DriverCommandExecutor.java:216)\n\t\tat org.openqa.selenium.remote.service.DriverCommandExecutor.execute(DriverCommandExecutor.java:174)\n\t\tat org.openqa.selenium.remote.RemoteWebDriver.execute(RemoteWebDriver.java:545)\n\t\tat org.openqa.selenium.remote.RemoteWebElement.execute(RemoteWebElement.java:223)\n\t\tat org.openqa.selenium.remote.RemoteWebElement.click(RemoteWebElement.java:76)\n\t\tat jdk.internal.reflect.GeneratedMethodAccessor24.invoke(Unknown Source)\n\t\tat java.base/jdk.internal.reflect.DelegatingMethodAccessorImpl.invoke(DelegatingMethodAccessorImpl.java:43)\n\t\tat java.base/java.lang.reflect.Method.invoke(Method.java:569)\n\t\tat org.openqa.selenium.support.decorators.WebDriverDecorator.call(WebDriverDecorator.java:249)\n\t\tat org.openqa.selenium.support.decorators.DefaultDecorated.call(DefaultDecorated.java:48)\n\t\tat org.openqa.selenium.support.decorators.WebDriverDecorator.lambda$createProxy$2(WebDriverDecorator.java:321)\n\t\tat net.bytebuddy.renamed.java.lang.Object$ByteBuddy$iJGcDiGj.click(Unknown Source)\n\t\tat com.theairebellion.zeus.ui.selenium.enums.WebElementAction$3.performActionWebElement(WebElementAction.java:60)\n\t\tat com.theairebellion.zeus.ui.selenium.enums.WebElementAction$3.performActionWebElement(WebElementAction.java:57)\n\t\tat com.theairebellion.zeus.ui.selenium.enums.WebElementAction.performAction(WebElementAction.java:147)\n\t\tat com.theairebellion.zeus.ui.selenium.handling.ExceptionHandlingWebElementFunctions.handleElementClickIntercepted(ExceptionHandlingWebElementFunctions.java:122)\n\t\tat com.theairebellion.zeus.ui.selenium.handling.ExceptionHandlingWebElement.lambda$static$5(ExceptionHandlingWebElement.java:60)\n\t\tat com.theairebellion.zeus.ui.selenium.smart.SmartWebElement.handleException(SmartWebElement.java:229)\n\t\tat com.theairebellion.zeus.ui.selenium.smart.SmartWebElement.performActionWithWait(SmartWebElement.java:286)\n\t\t... 18 more\n\tSuppressed: org.openqa.selenium.NoSuchSessionException: Session ID is null. Using WebDriver after calling quit()?\nBuild info: version: '4.25.0', revision: '8a8aea2337'\nSystem info: os.name: 'Linux', os.arch: 'amd64', os.version: '6.11.0-1018-azure', java.version: '17.0.16'\nDriver info: org.openqa.selenium.chrome.ChromeDriver\nCommand: [null, close {}]\nCapabilities {acceptInsecureCerts: false, browserName: chrome, browserVersion: 138.0.7204.157, chrome: {chromedriverVersion: 138.0.7204.168 (3e8d82e86e9..., userDataDir: /tmp/.org.chromium.Chromium...}, fedcm:accounts: true, goog:chromeOptions: {debuggerAddress: localhost:38229}, networkConnectionEnabled: false, pageLoadStrategy: normal, platformName: linux, proxy: Proxy(), se:cdp: ws://localhost:38229/devtoo..., se:cdpVersion: 138.0.7204.157, setWindowRect: true, strictFileInteractability: false, timeouts: {implicit: 0, pageLoad: 300000, script: 30000}, unhandledPromptBehavior: dismiss and notify, webauthn:extension:credBlob: true, webauthn:extension:largeBlob: true, webauthn:extension:minPinLength: true, webauthn:extension:prf: true, webauthn:virtualAuthenticators: true}\n\t\tat org.openqa.selenium.remote.HttpCommandExecutor.execute(HttpCommandExecutor.java:151)\n\t\tat org.openqa.selenium.remote.service.DriverCommandExecutor.invokeExecute(DriverCommandExecutor.java:216)\n\t\tat org.openqa.selenium.remote.service.DriverCommandExecutor.execute(DriverCommandExecutor.java:174)\n\t\tat org.openqa.selenium.remote.RemoteWebDriver.execute(RemoteWebDriver.java:545)\n\t\tat org.openqa.selenium.remote.RemoteWebDriver.execute(RemoteWebDriver.java:618)\n\t\tat org.openqa.selenium.remote.RemoteWebDriver.execute(RemoteWebDriver.java:622)\n\t\tat org.openqa.selenium.remote.RemoteWebDriver.close(RemoteWebDriver.java:418)\n\t\tat java.base/java.lang.reflect.Method.invoke(Method.java:569)\n\t\tat org.openqa.selenium.support.decorators.WebDriverDecorator.call(WebDriverDecorator.java:249)\n\t\tat org.openqa.selenium.support.decorators.DefaultDecorated.call(DefaultDecorated.java:48)\n\t\tat org.openqa.selenium.support.decorators.WebDriverDecorator.lambda$createProxy$2(WebDriverDecorator.java:321)\n\t\tat net.bytebuddy.renamed.java.lang.Object$ByteBuddy$5xM2Oa2s.close(Unknown Source)\n\t\tat com.theairebellion.zeus.ui.extensions.UiTestExtension.afterTestExecution(UiTestExtension.java:326)\n\t\t... 8 more\n","flaky":false,"newFailed":false,"newBroken":true,"newPassed":false,"retriesCount":0,"retriesStatusChange":false,"beforeStages":[],"testStage":{"description":"COMPONENTS: Button, Input, Link, List, Validate, Select, Table","descriptionHtml":"<div style='margin: 20px;'><style>\n  .metadata-container { margin: 20px 0; }\n  .metadata-toggle {\n      background-color: #2c3e50;\n      color: white;\n      padding: 8px 12px;\n      cursor: pointer;\n      border: none;\n      border-radius: 4px;\n      font-size: 13px;\n      display: inline-flex;\n      align-items: center;\n      gap: 8px;\n      width: 150px;\n  }\n  .metadata-toggle:hover { background-color: #34495e; }\n  .metadata-toggle::before {\n      content: '▶';\n      display: inline-block;\n      transition: transform 0.3s;\n  }\n  details[open] .metadata-toggle::before { transform: rotate(90deg); }\n  .metadata-content { display: none; margin-top: 10px; }\n  details[open] .metadata-content { display: block; }\n  .metadata-table {\n      border-collapse: collapse;\n      width: 100%;\n      margin-top: 10px;\n      box-shadow: 0 4px 15px rgba(0, 0, 0, 0.1);\n  }\n  .metadata-table th {\n      background-color: #2c3e50;\n      color: white;\n      text-transform: uppercase;\n      font-size: 14px;\n      padding: 15px;\n      text-align: left;\n  }\n  .metadata-table td {\n      padding: 12px 15px;\n      border-bottom: 1px solid #ecf0f1;\n      font-size: 14px;\n      background-color: white;\n  }\n  .metadata-table tr:nth-child(even) td { background-color: #f8f9fa; }\n  .metadata-table tr:hover td { background-color: #f1f4f6; }\n  .annotation { display: block; margin: 5px 0; padding: 8px 12px; background-color: #f7f9fc; border-left: 3px solid #3498db; border-radius: 3px; }\n  .test-arguments { word-break: break-word; max-width: 600px; line-height: 1.5; }\n</style>\n\n<details class=\"metadata-container\">\n  <summary class=\"metadata-toggle\">Test Details</summary>\n  <div class=\"metadata-content\">\n    <table class=\"metadata-table\">\n      <tr><th style=\"width: 30%\">Property</th><th>Value</th></tr>\n      <tr><td>Test Name</td><td>tableCertainCellsAssert</td></tr>\n      <tr><td>Class Name</td><td>ZeroBankTest</td></tr>\n      <tr><td>Class Annotations</td><td><pre class='annotation'>@SpringBootTest(,\n     args=,\n     classes=class com.theairebellion.zeus.framework.config.TestConfig,\n     properties=,\n     webEnvironment=NONE)\n@Tag(exclude-from-verify)\n@UI\n</pre></td></tr>\n      <tr><td>Method Annotations</td><td><pre class='annotation'>@Test\n@Description(\"COMPONENTS: Button,\n     Input,\n     Link,\n     List,\n     Validate,\n     Select,\n     Table\")\n@Regression\n</pre></td></tr>\n      <tr><td>Test Arguments</td><td class=\"test-arguments\">Quest</td></tr>\n    </table>\n  </div>\n</details></div>","status":"broken","statusMessage":"element click intercepted: Element <select id=\"aa_type\" name=\"type\">...</select> is not clickable at point (488, 389). Other element would receive the click: <a class=\"ui-state-default\" href=\"#\">...</a>\n  (Session info: chrome=138.0.7204.157)\nBuild info: version: '4.25.0', revision: '8a8aea2337'\nSystem info: os.name: 'Linux', os.arch: 'amd64', os.version: '6.11.0-1018-azure', java.version: '17.0.16'\nDriver info: org.openqa.selenium.chrome.ChromeDriver\nCommand: [0c6986a9baaa1bac66bfff29b4b36bab, clickElement {id=f.53FF3FF86172C042F7CF380EF35A942E.d.CFEB49169D83FE4D80710AE6D7FD4A47.e.48}]\nCapabilities {acceptInsecureCerts: false, browserName: chrome, browserVersion: 138.0.7204.157, chrome: {chromedriverVersion: 138.0.7204.168 (3e8d82e86e9..., userDataDir: /tmp/.org.chromium.Chromium...}, fedcm:accounts: true, goog:chromeOptions: {debuggerAddress: localhost:38229}, networkConnectionEnabled: false, pageLoadStrategy: normal, platformName: linux, proxy: Proxy(), se:cdp: ws://localhost:38229/devtoo..., se:cdpVersion: 138.0.7204.157, setWindowRect: true, strictFileInteractability: false, timeouts: {implicit: 0, pageLoad: 300000, script: 30000}, unhandledPromptBehavior: dismiss and notify, webauthn:extension:credBlob: true, webauthn:extension:largeBlob: true, webauthn:extension:minPinLength: true, webauthn:extension:prf: true, webauthn:virtualAuthenticators: true}\nElement: [[ChromeDriver: chrome on linux (0c6986a9baaa1bac66bfff29b4b36bab)] -> id: aa_type]\nSession ID: 0c6986a9baaa1bac66bfff29b4b36bab","statusTrace":"org.openqa.selenium.ElementClickInterceptedException: element click intercepted: Element <select id=\"aa_type\" name=\"type\">...</select> is not clickable at point (488, 389). Other element would receive the click: <a class=\"ui-state-default\" href=\"#\">...</a>\n  (Session info: chrome=138.0.7204.157)\nBuild info: version: '4.25.0', revision: '8a8aea2337'\nSystem info: os.name: 'Linux', os.arch: 'amd64', os.version: '6.11.0-1018-azure', java.version: '17.0.16'\nDriver info: org.openqa.selenium.chrome.ChromeDriver\nCommand: [0c6986a9baaa1bac66bfff29b4b36bab, clickElement {id=f.53FF3FF86172C042F7CF380EF35A942E.d.CFEB49169D83FE4D80710AE6D7FD4A47.e.48}]\nCapabilities {acceptInsecureCerts: false, browserName: chrome, browserVersion: 138.0.7204.157, chrome: {chromedriverVersion: 138.0.7204.168 (3e8d82e86e9..., userDataDir: /tmp/.org.chromium.Chromium...}, fedcm:accounts: true, goog:chromeOptions: {debuggerAddress: localhost:38229}, networkConnectionEnabled: false, pageLoadStrategy: normal, platformName: linux, proxy: Proxy(), se:cdp: ws://localhost:38229/devtoo..., se:cdpVersion: 138.0.7204.157, setWindowRect: true, strictFileInteractability: false, timeouts: {implicit: 0, pageLoad: 300000, script: 30000}, unhandledPromptBehavior: dismiss and notify, webauthn:extension:credBlob: true, webauthn:extension:largeBlob: true, webauthn:extension:minPinLength: true, webauthn:extension:prf: true, webauthn:virtualAuthenticators: true}\nElement: [[ChromeDriver: chrome on linux (0c6986a9baaa1bac66bfff29b4b36bab)] -> id: aa_type]\nSession ID: 0c6986a9baaa1bac66bfff29b4b36bab\n\tat java.base/jdk.internal.reflect.NativeConstructorAccessorImpl.newInstance0(Native Method)\n\tat java.base/jdk.internal.reflect.NativeConstructorAccessorImpl.newInstance(NativeConstructorAccessorImpl.java:77)\n\tat java.base/jdk.internal.reflect.DelegatingConstructorAccessorImpl.newInstance(DelegatingConstructorAccessorImpl.java:45)\n\tat java.base/java.lang.reflect.Constructor.newInstanceWithCaller(Constructor.java:500)\n\tat java.base/java.lang.reflect.Constructor.newInstance(Constructor.java:481)\n\tat org.openqa.selenium.remote.ErrorCodec.decode(ErrorCodec.java:167)\n\tat org.openqa.selenium.remote.codec.w3c.W3CHttpResponseCodec.decode(W3CHttpResponseCodec.java:138)\n\tat org.openqa.selenium.remote.codec.w3c.W3CHttpResponseCodec.decode(W3CHttpResponseCodec.java:50)\n\tat org.openqa.selenium.remote.HttpCommandExecutor.execute(HttpCommandExecutor.java:190)\n\tat org.openqa.selenium.remote.service.DriverCommandExecutor.invokeExecute(DriverCommandExecutor.java:216)\n\tat org.openqa.selenium.remote.service.DriverCommandExecutor.execute(DriverCommandExecutor.java:174)\n\tat org.openqa.selenium.remote.RemoteWebDriver.execute(RemoteWebDriver.java:545)\n\tat org.openqa.selenium.remote.RemoteWebElement.execute(RemoteWebElement.java:223)\n\tat org.openqa.selenium.remote.RemoteWebElement.click(RemoteWebElement.java:76)\n\tat jdk.internal.reflect.GeneratedMethodAccessor24.invoke(Unknown Source)\n\tat java.base/jdk.internal.reflect.DelegatingMethodAccessorImpl.invoke(DelegatingMethodAccessorImpl.java:43)\n\tat java.base/java.lang.reflect.Method.invoke(Method.java:569)\n\tat org.openqa.selenium.support.decorators.WebDriverDecorator.call(WebDriverDecorator.java:249)\n\tat org.openqa.selenium.support.decorators.DefaultDecorated.call(DefaultDecorated.java:48)\n\tat org.openqa.selenium.support.decorators.WebDriverDecorator.lambda$createProxy$2(WebDriverDecorator.java:321)\n\tat net.bytebuddy.renamed.java.lang.Object$ByteBuddy$iJGcDiGj.click(Unknown Source)\n\tat com.theairebellion.zeus.ui.selenium.decorators.WebElementDecorator.click(WebElementDecorator.java:27)\n\tat com.theairebellion.zeus.ui.selenium.smart.SmartWebElement.lambda$click$0(SmartWebElement.java:119)\n\tat com.theairebellion.zeus.ui.selenium.smart.SmartWebElement.performActionWithWait(SmartWebElement.java:284)\n\tat com.theairebellion.zeus.ui.selenium.smart.SmartWebElement.click(SmartWebElement.java:119)\n\tat com.zerobank.project.ui.components.select.SelectBootstrapImpl.openDdl(SelectBootstrapImpl.java:180)\n\tat com.zerobank.project.ui.components.select.SelectBootstrapImpl.selectOptions(SelectBootstrapImpl.java:33)\n\tat com.zerobank.project.ui.components.select.SelectBootstrapImpl.selectOptions(SelectBootstrapImpl.java:46)\n\tat com.theairebellion.zeus.ui.components.select.SelectServiceImpl.selectOptions(SelectServiceImpl.java:108)\n\tat com.theairebellion.zeus.ui.components.select.SelectServiceImpl.selectOption(SelectServiceImpl.java:170)\n\tat com.theairebellion.zeus.ui.service.fluent.SelectServiceFluent.selectOption(SelectServiceFluent.java:97)\n\tat com.zerobank.project.ZeroBankTest.tableCertainCellsAssert(ZeroBankTest.java:271)\n\tat java.base/java.lang.reflect.Method.invoke(Method.java:569)\n\tat com.theairebellion.zeus.framework.extension.Initiator.interceptTestMethod(Initiator.java:84)\n\tat java.base/java.util.concurrent.ForkJoinTask.doExec(ForkJoinTask.java:373)\n\tat java.base/java.util.concurrent.ForkJoinTask.awaitDone(ForkJoinTask.java:436)\n\tat java.base/java.util.concurrent.ForkJoinTask.join(ForkJoinTask.java:670)\n\tat java.base/java.util.concurrent.ForkJoinTask.doExec(ForkJoinTask.java:373)\n\tat java.base/java.util.concurrent.ForkJoinPool$WorkQueue.topLevelExec(ForkJoinPool.java:1182)\n\tat java.base/java.util.concurrent.ForkJoinPool.scan(ForkJoinPool.java:1655)\n\tat java.base/java.util.concurrent.ForkJoinPool.runWorker(ForkJoinPool.java:1622)\n\tat java.base/java.util.concurrent.ForkJoinWorkerThread.run(ForkJoinWorkerThread.java:165)\n\tSuppressed: org.openqa.selenium.ElementClickInterceptedException: element click intercepted: Element <select id=\"aa_type\" name=\"type\">...</select> is not clickable at point (488, 389). Other element would receive the click: <a class=\"ui-state-default\" href=\"#\">...</a>\n  (Session info: chrome=138.0.7204.157)\nBuild info: version: '4.25.0', revision: '8a8aea2337'\nSystem info: os.name: 'Linux', os.arch: 'amd64', os.version: '6.11.0-1018-azure', java.version: '17.0.16'\nDriver info: org.openqa.selenium.chrome.ChromeDriver\nCommand: [0c6986a9baaa1bac66bfff29b4b36bab, clickElement {id=f.53FF3FF86172C042F7CF380EF35A942E.d.CFEB49169D83FE4D80710AE6D7FD4A47.e.48}]\nCapabilities {acceptInsecureCerts: false, browserName: chrome, browserVersion: 138.0.7204.157, chrome: {chromedriverVersion: 138.0.7204.168 (3e8d82e86e9..., userDataDir: /tmp/.org.chromium.Chromium...}, fedcm:accounts: true, goog:chromeOptions: {debuggerAddress: localhost:38229}, networkConnectionEnabled: false, pageLoadStrategy: normal, platformName: linux, proxy: Proxy(), se:cdp: ws://localhost:38229/devtoo..., se:cdpVersion: 138.0.7204.157, setWindowRect: true, strictFileInteractability: false, timeouts: {implicit: 0, pageLoad: 300000, script: 30000}, unhandledPromptBehavior: dismiss and notify, webauthn:extension:credBlob: true, webauthn:extension:largeBlob: true, webauthn:extension:minPinLength: true, webauthn:extension:prf: true, webauthn:virtualAuthenticators: true}\nElement: [[ChromeDriver: chrome on linux (0c6986a9baaa1bac66bfff29b4b36bab)] -> id: aa_type]\nSession ID: 0c6986a9baaa1bac66bfff29b4b36bab\n\t\tat java.base/jdk.internal.reflect.NativeConstructorAccessorImpl.newInstance0(Native Method)\n\t\tat java.base/jdk.internal.reflect.NativeConstructorAccessorImpl.newInstance(NativeConstructorAccessorImpl.java:77)\n\t\tat java.base/jdk.internal.reflect.DelegatingConstructorAccessorImpl.newInstance(DelegatingConstructorAccessorImpl.java:45)\n\t\tat java.base/java.lang.reflect.Constructor.newInstanceWithCaller(Constructor.java:500)\n\t\tat java.base/java.lang.reflect.Constructor.newInstance(Constructor.java:481)\n\t\tat org.openqa.selenium.remote.ErrorCodec.decode(ErrorCodec.java:167)\n\t\tat org.openqa.selenium.remote.codec.w3c.W3CHttpResponseCodec.decode(W3CHttpResponseCodec.java:138)\n\t\tat org.openqa.selenium.remote.codec.w3c.W3CHttpResponseCodec.decode(W3CHttpResponseCodec.java:50)\n\t\tat org.openqa.selenium.remote.HttpCommandExecutor.execute(HttpCommandExecutor.java:190)\n\t\tat org.openqa.selenium.remote.service.DriverCommandExecutor.invokeExecute(DriverCommandExecutor.java:216)\n\t\tat org.openqa.selenium.remote.service.DriverCommandExecutor.execute(DriverCommandExecutor.java:174)\n\t\tat org.openqa.selenium.remote.RemoteWebDriver.execute(RemoteWebDriver.java:545)\n\t\tat org.openqa.selenium.remote.RemoteWebElement.execute(RemoteWebElement.java:223)\n\t\tat org.openqa.selenium.remote.RemoteWebElement.click(RemoteWebElement.java:76)\n\t\tat jdk.internal.reflect.GeneratedMethodAccessor24.invoke(Unknown Source)\n\t\tat java.base/jdk.internal.reflect.DelegatingMethodAccessorImpl.invoke(DelegatingMethodAccessorImpl.java:43)\n\t\tat java.base/java.lang.reflect.Method.invoke(Method.java:569)\n\t\tat org.openqa.selenium.support.decorators.WebDriverDecorator.call(WebDriverDecorator.java:249)\n\t\tat org.openqa.selenium.support.decorators.DefaultDecorated.call(DefaultDecorated.java:48)\n\t\tat org.openqa.selenium.support.decorators.WebDriverDecorator.lambda$createProxy$2(WebDriverDecorator.java:321)\n\t\tat net.bytebuddy.renamed.java.lang.Object$ByteBuddy$iJGcDiGj.click(Unknown Source)\n\t\tat com.theairebellion.zeus.ui.selenium.enums.WebElementAction$3.performActionWebElement(WebElementAction.java:60)\n\t\tat com.theairebellion.zeus.ui.selenium.enums.WebElementAction$3.performActionWebElement(WebElementAction.java:57)\n\t\tat com.theairebellion.zeus.ui.selenium.enums.WebElementAction.performAction(WebElementAction.java:147)\n\t\tat com.theairebellion.zeus.ui.selenium.handling.ExceptionHandlingWebElementFunctions.handleElementClickIntercepted(ExceptionHandlingWebElementFunctions.java:122)\n\t\tat com.theairebellion.zeus.ui.selenium.handling.ExceptionHandlingWebElement.lambda$static$5(ExceptionHandlingWebElement.java:60)\n\t\tat com.theairebellion.zeus.ui.selenium.smart.SmartWebElement.handleException(SmartWebElement.java:229)\n\t\tat com.theairebellion.zeus.ui.selenium.smart.SmartWebElement.performActionWithWait(SmartWebElement.java:286)\n\t\t... 18 more\n\tSuppressed: org.openqa.selenium.NoSuchSessionException: Session ID is null. Using WebDriver after calling quit()?\nBuild info: version: '4.25.0', revision: '8a8aea2337'\nSystem info: os.name: 'Linux', os.arch: 'amd64', os.version: '6.11.0-1018-azure', java.version: '17.0.16'\nDriver info: org.openqa.selenium.chrome.ChromeDriver\nCommand: [null, close {}]\nCapabilities {acceptInsecureCerts: false, browserName: chrome, browserVersion: 138.0.7204.157, chrome: {chromedriverVersion: 138.0.7204.168 (3e8d82e86e9..., userDataDir: /tmp/.org.chromium.Chromium...}, fedcm:accounts: true, goog:chromeOptions: {debuggerAddress: localhost:38229}, networkConnectionEnabled: false, pageLoadStrategy: normal, platformName: linux, proxy: Proxy(), se:cdp: ws://localhost:38229/devtoo..., se:cdpVersion: 138.0.7204.157, setWindowRect: true, strictFileInteractability: false, timeouts: {implicit: 0, pageLoad: 300000, script: 30000}, unhandledPromptBehavior: dismiss and notify, webauthn:extension:credBlob: true, webauthn:extension:largeBlob: true, webauthn:extension:minPinLength: true, webauthn:extension:prf: true, webauthn:virtualAuthenticators: true}\n\t\tat org.openqa.selenium.remote.HttpCommandExecutor.execute(HttpCommandExecutor.java:151)\n\t\tat org.openqa.selenium.remote.service.DriverCommandExecutor.invokeExecute(DriverCommandExecutor.java:216)\n\t\tat org.openqa.selenium.remote.service.DriverCommandExecutor.execute(DriverCommandExecutor.java:174)\n\t\tat org.openqa.selenium.remote.RemoteWebDriver.execute(RemoteWebDriver.java:545)\n\t\tat org.openqa.selenium.remote.RemoteWebDriver.execute(RemoteWebDriver.java:618)\n\t\tat org.openqa.selenium.remote.RemoteWebDriver.execute(RemoteWebDriver.java:622)\n\t\tat org.openqa.selenium.remote.RemoteWebDriver.close(RemoteWebDriver.java:418)\n\t\tat java.base/java.lang.reflect.Method.invoke(Method.java:569)\n\t\tat org.openqa.selenium.support.decorators.WebDriverDecorator.call(WebDriverDecorator.java:249)\n\t\tat org.openqa.selenium.support.decorators.DefaultDecorated.call(DefaultDecorated.java:48)\n\t\tat org.openqa.selenium.support.decorators.WebDriverDecorator.lambda$createProxy$2(WebDriverDecorator.java:321)\n\t\tat net.bytebuddy.renamed.java.lang.Object$ByteBuddy$5xM2Oa2s.close(Unknown Source)\n\t\tat com.theairebellion.zeus.ui.extensions.UiTestExtension.afterTestExecution(UiTestExtension.java:326)\n\t\t... 8 more\n","steps":[{"name":"Test Execution","time":{"start":1753465524312,"stop":1753465533406,"duration":9094},"status":"unknown","steps":[{"name":"[UI - Navigation] Navigate to the URL and maximize the browser window","time":{"start":1753465524313,"stop":1753465524313,"duration":0},"status":"passed","steps":[],"attachments":[],"parameters":[],"shouldDisplayMessage":false,"stepsCount":0,"attachmentsCount":0,"hasContent":false,"attachmentStep":false},{"name":"[UI - Button] Clicking button with componentType: BOOTSTRAP_INPUT_TYPE, locator: By.id: signin_button","time":{"start":1753465524731,"stop":1753465524731,"duration":0},"status":"passed","steps":[],"attachments":[],"parameters":[],"shouldDisplayMessage":false,"stepsCount":0,"attachmentsCount":0,"hasContent":false,"attachmentStep":false},{"name":"[UI - Input] Insert value 'username' into input element: USERNAME_FIELD","time":{"start":1753465525171,"stop":1753465525171,"duration":0},"status":"passed","steps":[],"attachments":[],"parameters":[],"shouldDisplayMessage":false,"stepsCount":0,"attachmentsCount":0,"hasContent":false,"attachmentStep":false},{"name":"[UI - Input] Insert value 'password' into input element: PASSWORD_FIELD","time":{"start":1753465525628,"stop":1753465525628,"duration":0},"status":"passed","steps":[],"attachments":[],"parameters":[],"shouldDisplayMessage":false,"stepsCount":0,"attachmentsCount":0,"hasContent":false,"attachmentStep":false},{"name":"[UI - Button] Clicking button with componentType: BOOTSTRAP_INPUT_TYPE, locator: By.cssSelector: input[value='Sign in']","time":{"start":1753465525939,"stop":1753465525939,"duration":0},"status":"passed","steps":[],"attachments":[],"parameters":[],"shouldDisplayMessage":false,"stepsCount":0,"attachmentsCount":0,"hasContent":false,"attachmentStep":false},{"name":"[UI - Navigation] Navigate back in the browser history","time":{"start":1753465526098,"stop":1753465526098,"duration":0},"status":"passed","steps":[],"attachments":[],"parameters":[],"shouldDisplayMessage":false,"stepsCount":0,"attachmentsCount":0,"hasContent":false,"attachmentStep":false},{"name":"[UI - Button] Clicking button with componentType: BOOTSTRAP_INPUT_TYPE, locator: By.id: online-banking","time":{"start":1753465526486,"stop":1753465526486,"duration":0},"status":"passed","steps":[],"attachments":[],"parameters":[],"shouldDisplayMessage":false,"stepsCount":0,"attachmentsCount":0,"hasContent":false,"attachmentStep":false},{"name":"[UI - Link] Clicking on the link element: ACCOUNT_ACTIVITY_LINK","time":{"start":1753465526942,"stop":1753465526942,"duration":0},"status":"passed","steps":[],"attachments":[],"parameters":[],"shouldDisplayMessage":false,"stepsCount":0,"attachmentsCount":0,"hasContent":false,"attachmentStep":false},{"name":"[UI - List] [UI - List] Select values from list: [Find Transactions]","time":{"start":1753465527392,"stop":1753465527392,"duration":0},"status":"passed","steps":[],"attachments":[],"parameters":[],"shouldDisplayMessage":false,"stepsCount":0,"attachmentsCount":0,"hasContent":false,"attachmentStep":false},{"name":"[UI - List] Validate if value is selected (soft: false): Find Transactions","time":{"start":1753465527802,"stop":1753465527806,"duration":4},"status":"passed","steps":[],"attachments":[],"parameters":[],"shouldDisplayMessage":false,"stepsCount":0,"attachmentsCount":0,"hasContent":false,"attachmentStep":false},{"name":"[UI - Input] Insert value '2012-01-01' into input element: AA_FROM_DATE_FIELD","time":{"start":1753465527970,"stop":1753465527970,"duration":0},"status":"passed","steps":[],"attachments":[],"parameters":[],"shouldDisplayMessage":false,"stepsCount":0,"attachmentsCount":0,"hasContent":false,"attachmentStep":false},{"name":"[UI - Input] Insert value '2012-12-31' into input element: AA_TO_DATE_FIELD","time":{"start":1753465528202,"stop":1753465528202,"duration":0},"status":"passed","steps":[],"attachments":[],"parameters":[],"shouldDisplayMessage":false,"stepsCount":0,"attachmentsCount":0,"hasContent":false,"attachmentStep":false},{"name":"[UI - Input] Insert value '1' into input element: AA_FROM_AMOUNT_FIELD","time":{"start":1753465528493,"stop":1753465528493,"duration":0},"status":"passed","steps":[],"attachments":[],"parameters":[],"shouldDisplayMessage":false,"stepsCount":0,"attachmentsCount":0,"hasContent":false,"attachmentStep":false},{"name":"[UI - Input] Insert value '1000' into input element: AA_TO_AMOUNT_FIELD","time":{"start":1753465528713,"stop":1753465528713,"duration":0},"status":"passed","steps":[],"attachments":[],"parameters":[],"shouldDisplayMessage":false,"stepsCount":0,"attachmentsCount":0,"hasContent":false,"attachmentStep":false},{"name":"[UI - Select] Selecting option in dropdown: AA_TYPE_DDL (Value: Any)","time":{"start":1753465528941,"stop":1753465528941,"duration":0},"status":"passed","steps":[],"attachments":[],"parameters":[],"shouldDisplayMessage":false,"stepsCount":0,"attachmentsCount":0,"hasContent":false,"attachmentStep":false}],"attachments":[],"parameters":[],"shouldDisplayMessage":false,"stepsCount":15,"attachmentsCount":0,"hasContent":true,"attachmentStep":false},{"name":"Tear Down","time":{"start":1753465533406,"stop":1753465533575,"duration":169},"status":"unknown","steps":[],"attachments":[{"uid":"fa7ced096b009c4","name":"tableCertainCellsAssert(Quest)","source":"fa7ced096b009c4.png","type":"image/png","size":36109},{"uid":"5265ccdc4ede058a","name":"Filtered Logs for Test: ZeroBankTest.tableCertainCellsAssert","source":"5265ccdc4ede058a.log","type":"text/plain","size":60}],"parameters":[],"shouldDisplayMessage":false,"stepsCount":0,"attachmentsCount":2,"hasContent":true,"attachmentStep":false}],"attachments":[],"parameters":[],"shouldDisplayMessage":true,"stepsCount":17,"attachmentsCount":2,"hasContent":true,"attachmentStep":false},"afterStages":[],"labels":[{"name":"tag","value":"Regression"},{"name":"tag","value":"exclude-from-verify"},{"name":"junit.platform.uniqueid","value":"[engine:junit-jupiter]/[class:com.zerobank.project.ZeroBankTest]/[method:tableCertainCellsAssert(com.theairebellion.zeus.framework.quest.Quest)]"},{"name":"host","value":"pkrvmpptgkbjq6m"},{"name":"thread","value":"3324@pkrvmpptgkbjq6m.ForkJoinPool-1-worker-1(17)"},{"name":"framework","value":"junit-platform"},{"name":"language","value":"java"},{"name":"package","value":"com.zerobank.project.ZeroBankTest"},{"name":"testClass","value":"com.zerobank.project.ZeroBankTest"},{"name":"testMethod","value":"tableCertainCellsAssert"},{"name":"suite","value":"com.zerobank.project.ZeroBankTest"},{"name":"resultFormat","value":"allure2"}],"parameters":[],"links":[],"hidden":false,"retry":false,"extra":{"severity":"normal","retries":[],"categories":[{"name":"Timing-Related Issues","traceRegex":".*(StaleElementReferenceException|TimeoutException|ElementClickInterceptedException).*","matchedStatuses":["failed","broken"],"flaky":false}],"history":{"statistic":{"failed":0,"broken":1,"skipped":0,"passed":1,"unknown":0,"total":2},"items":[{"uid":"f96afd55c9fff9ae","reportUrl":"https://CyborgCodeSyndicate.github.io/temp-project/27//#testresult/f96afd55c9fff9ae","status":"passed","time":{"start":1753465246608,"stop":1753465256150,"duration":9542}}]},"tags":["Regression","exclude-from-verify"]},"source":"aab4eb95adbbc47c.json","parameterValues":[]}